<?xml version="1.0" encoding="UTF-8"?>
<!-- Generated by org.testng.reporters.JUnitReportReporter -->
<testsuite hostname="Taesooui-Air" name="MobileWebBrowserTest" tests="1" failures="0" timestamp="17 Mar 2015 17:02:56 GMT" time="63.187" errors="0">
  <testcase name="testWebsite" time="63.187" classname="MobileWebBrowserTest"/>
</testsuite> <!-- MobileWebBrowserTest -->
